[    0.000000] Linux version 4.15.0-132-generic (buildd@lgw01-amd64-036) (gcc version 7.5.0 (Ubuntu 7.5.0-3ubuntu1~18.04)) #136-Ubuntu SMP Tue Jan 12 14:58:42 UTC 2021 (Ubuntu 4.15.0-132.136-generic 4.15.18)
[    0.000000] Command line: BOOT_IMAGE=/boot/vmlinuz-4.15.0-132-generic root=LABEL=cloudimg-rootfs ro console=tty1 console=ttyS0
[    0.000000] KERNEL supported cpus:
[    0.000000]   Intel GenuineIntel
[    0.000000]   AMD AuthenticAMD
[    0.000000]   Centaur CentaurHauls
[    0.000000] [Firmware Bug]: TSC doesn't count with P0 frequency!
[    0.000000] x86/fpu: Supporting XSAVE feature 0x001: 'x87 floating point registers'
[    0.000000] x86/fpu: Supporting XSAVE feature 0x002: 'SSE registers'
[    0.000000] x86/fpu: Supporting XSAVE feature 0x004: 'AVX registers'
[    0.000000] x86/fpu: xstate_offset[2]:  576, xstate_sizes[2]:  256
[    0.000000] x86/fpu: Enabled xstate features 0x7, context size is 832 bytes, using 'standard' format.
[    0.000000] e820: BIOS-provided physical RAM map:
[    0.000000] BIOS-e820: [mem 0x0000000000000000-0x000000000009fbff] usable
[    0.000000] BIOS-e820: [mem 0x000000000009fc00-0x000000000009ffff] reserved
[    0.000000] BIOS-e820: [mem 0x00000000000f0000-0x00000000000fffff] reserved
[    0.000000] BIOS-e820: [mem 0x0000000000100000-0x000000001ffeffff] usable
[    0.000000] BIOS-e820: [mem 0x000000001fff0000-0x000000001fffffff] ACPI data
[    0.000000] BIOS-e820: [mem 0x00000000fec00000-0x00000000fec00fff] reserved
[    0.000000] BIOS-e820: [mem 0x00000000fee00000-0x00000000fee00fff] reserved
[    0.000000] BIOS-e820: [mem 0x00000000fffc0000-0x00000000ffffffff] reserved
[    0.000000] NX (Execute Disable) protection: active
[    0.000000] SMBIOS 2.5 present.
[    0.000000] DMI: innotek GmbH VirtualBox/VirtualBox, BIOS VirtualBox 12/01/2006
[    0.000000] Hypervisor detected: KVM
[    0.000000] e820: last_pfn = 0x1fff0 max_arch_pfn = 0x400000000
[    0.000000] MTRR: Disabled
[    0.000000] x86/PAT: MTRRs disabled, skipping PAT initialization too.
[    0.000000] CPU MTRRs all blank - virtualized system.
[    0.000000] x86/PAT: Configuration [0-7]: WB  WT  UC- UC  WB  WT  UC- UC  
[    0.000000] found SMP MP-table at [mem 0x0009fff0-0x0009ffff]
[    0.000000] Scanning 1 areas for low memory corruption
[    0.000000] RAMDISK: [mem 0x1db51000-0x1ee16fff]
[    0.000000] ACPI: Early table checksum verification disabled
[    0.000000] ACPI: RSDP 0x00000000000E0000 000024 (v02 VBOX  )
[    0.000000] ACPI: XSDT 0x000000001FFF0030 00003C (v01 VBOX   VBOXXSDT 00000001 ASL  00000061)
[    0.000000] ACPI: FACP 0x000000001FFF00F0 0000F4 (v04 VBOX   VBOXFACP 00000001 ASL  00000061)
[    0.000000] ACPI: DSDT 0x000000001FFF0470 002325 (v02 VBOX   VBOXBIOS 00000002 INTL 20100528)
[    0.000000] ACPI: FACS 0x000000001FFF0200 000040
[    0.000000] ACPI: FACS 0x000000001FFF0200 000040
[    0.000000] ACPI: APIC 0x000000001FFF0240 000054 (v02 VBOX   VBOXAPIC 00000001 ASL  00000061)
[    0.000000] ACPI: SSDT 0x000000001FFF02A0 0001CC (v01 VBOX   VBOXCPUT 00000002 INTL 20100528)
[    0.000000] No NUMA configuration found
[    0.000000] Faking a node at [mem 0x0000000000000000-0x000000001ffeffff]
[    0.000000] NODE_DATA(0) allocated [mem 0x1ffc5000-0x1ffeffff]
[    0.000000] kvm-clock: cpu 0, msr 0:1ff44001, primary cpu clock
[    0.000000] kvm-clock: Using msrs 4b564d01 and 4b564d00
[    0.000000] kvm-clock: using sched offset of 3604297104 cycles
[    0.000000] clocksource: kvm-clock: mask: 0xffffffffffffffff max_cycles: 0x1cd42e4dffb, max_idle_ns: 881590591483 ns
[    0.000000] Zone ranges:
[    0.000000]   DMA      [mem 0x0000000000001000-0x0000000000ffffff]
[    0.000000]   DMA32    [mem 0x0000000001000000-0x000000001ffeffff]
[    0.000000]   Normal   empty
[    0.000000]   Device   empty
[    0.000000] Movable zone start for each node
[    0.000000] Early memory node ranges
[    0.000000]   node   0: [mem 0x0000000000001000-0x000000000009efff]
[    0.000000]   node   0: [mem 0x0000000000100000-0x000000001ffeffff]
[    0.000000] Reserved but unavailable: 98 pages
[    0.000000] Initmem setup node 0 [mem 0x0000000000001000-0x000000001ffeffff]
[    0.000000] ACPI: PM-Timer IO Port: 0x4008
[    0.000000] IOAPIC[0]: apic_id 1, version 32, address 0xfec00000, GSI 0-23
[    0.000000] ACPI: INT_SRC_OVR (bus 0 bus_irq 0 global_irq 2 dfl dfl)
[    0.000000] ACPI: INT_SRC_OVR (bus 0 bus_irq 9 global_irq 9 low level)
[    0.000000] Using ACPI (MADT) for SMP configuration information
[    0.000000] smpboot: Allowing 1 CPUs, 0 hotplug CPUs
[    0.000000] PM: Registered nosave memory: [mem 0x00000000-0x00000fff]
[    0.000000] PM: Registered nosave memory: [mem 0x0009f000-0x0009ffff]
[    0.000000] PM: Registered nosave memory: [mem 0x000a0000-0x000effff]
[    0.000000] PM: Registered nosave memory: [mem 0x000f0000-0x000fffff]
[    0.000000] e820: [mem 0x20000000-0xfebfffff] available for PCI devices
[    0.000000] Booting paravirtualized kernel on KVM
[    0.000000] clocksource: refined-jiffies: mask: 0xffffffff max_cycles: 0xffffffff, max_idle_ns: 7645519600211568 ns
[    0.000000] random: get_random_bytes called from start_kernel+0x99/0x500 with crng_init=0
[    0.000000] setup_percpu: NR_CPUS:8192 nr_cpumask_bits:1 nr_cpu_ids:1 nr_node_ids:1
[    0.000000] percpu: Embedded 45 pages/cpu s147456 r8192 d28672 u2097152
[    0.000000] PV qspinlock hash table entries: 256 (order: 0, 4096 bytes)
[    0.000000] Built 1 zonelists, mobility grouping on.  Total pages: 128889
[    0.000000] Policy zone: DMA32
[    0.000000] Kernel command line: BOOT_IMAGE=/boot/vmlinuz-4.15.0-132-generic root=LABEL=cloudimg-rootfs ro console=tty1 console=ttyS0
[    0.000000] Memory: 467104K/523832K available (12300K kernel code, 2482K rwdata, 4276K rodata, 2440K init, 2724K bss, 56728K reserved, 0K cma-reserved)
[    0.000000] SLUB: HWalign=64, Order=0-3, MinObjects=0, CPUs=1, Nodes=1
[    0.000000] ftrace: allocating 39421 entries in 154 pages
[    0.004000] Hierarchical RCU implementation.
[    0.004000] 	RCU restricting CPUs from NR_CPUS=8192 to nr_cpu_ids=1.
[    0.004000] 	Tasks RCU enabled.
[    0.004000] RCU: Adjusting geometry for rcu_fanout_leaf=16, nr_cpu_ids=1
[    0.004000] NR_IRQS: 524544, nr_irqs: 256, preallocated irqs: 16
[    0.004000] Console: colour VGA+ 80x25
[    0.004000] console [tty1] enabled
[    0.004000] console [ttyS0] enabled
[    0.004000] ACPI: Core revision 20170831
[    0.004000] ACPI: 2 ACPI AML tables successfully acquired and loaded
[    0.004000] APIC: Switch to symmetric I/O mode setup
[    0.004000] x2apic enabled
[    0.004000] Switched APIC routing to physical x2apic.
[    0.004000] ..TIMER: vector=0x30 apic1=0 pin1=2 apic2=-1 pin2=-1
[    0.004000] tsc: Detected 2295.670 MHz processor
[    0.004007] Calibrating delay loop (skipped) preset value.. 4591.34 BogoMIPS (lpj=9182680)
[    0.005133] pid_max: default: 32768 minimum: 301
[    0.005810] Security Framework initialized
[    0.006399] Yama: becoming mindful.
[    0.006938] AppArmor: AppArmor initialized
[    0.008082] Dentry cache hash table entries: 65536 (order: 7, 524288 bytes)
[    0.009052] Inode-cache hash table entries: 32768 (order: 6, 262144 bytes)
[    0.009989] Mount-cache hash table entries: 1024 (order: 1, 8192 bytes)
[    0.010889] Mountpoint-cache hash table entries: 1024 (order: 1, 8192 bytes)
[    0.012000] CPU0: Hyper-Threading is disabled
[    0.012030] Last level iTLB entries: 4KB 1024, 2MB 1024, 4MB 512
[    0.012849] Last level dTLB entries: 4KB 1536, 2MB 1536, 4MB 768, 1GB 0
[    0.013740] Spectre V1 : Mitigation: usercopy/swapgs barriers and __user pointer sanitization
[    0.014900] Spectre V2 : Spectre mitigation: LFENCE not serializing, switching to generic retpoline
[    0.016001] Spectre V2 : Mitigation: Full generic retpoline
[    0.016768] Spectre V2 : Spectre v2 / SpectreRSB mitigation: Filling RSB on context switch
[    0.017889] Speculative Store Bypass: Mitigation: Speculative Store Bypass disabled via prctl and seccomp
[    0.025743] Freeing SMP alternatives memory: 36K
[    0.136068] smpboot: CPU0: AMD Ryzen 7 3750H with Radeon Vega Mobile Gfx (family: 0x17, model: 0x18, stepping: 0x1)
[    0.137406] Performance Events: PMU not available due to virtualization, using software events only.
[    0.138451] Hierarchical SRCU implementation.
[    0.139568] NMI watchdog: Perf event create on CPU 0 failed with -2
[    0.140002] NMI watchdog: Perf NMI watchdog permanently disabled
[    0.140671] smp: Bringing up secondary CPUs ...
[    0.141169] smp: Brought up 1 node, 1 CPU
[    0.141646] smpboot: Max logical packages: 1
[    0.142146] smpboot: Total of 1 processors activated (4591.34 BogoMIPS)
[    0.142965] devtmpfs: initialized
[    0.143393] x86/mm: Memory block size: 128MB
[    0.144091] evm: security.selinux
[    0.144493] evm: security.SMACK64
[    0.144875] evm: security.SMACK64EXEC
[    0.145299] evm: security.SMACK64TRANSMUTE
[    0.145756] evm: security.SMACK64MMAP
[    0.146179] evm: security.apparmor
[    0.146566] evm: security.ima
[    0.146919] evm: security.capability
[    0.147404] clocksource: jiffies: mask: 0xffffffff max_cycles: 0xffffffff, max_idle_ns: 7645041785100000 ns
[    0.148007] futex hash table entries: 256 (order: 2, 16384 bytes)
[    0.148695] pinctrl core: initialized pinctrl subsystem
[    0.149338] RTC time: 18:30:26, date: 04/16/21
[    0.149920] NET: Registered protocol family 16
[    0.150468] audit: initializing netlink subsys (disabled)
[    0.151154] cpuidle: using governor ladder
[    0.152009] audit: type=2000 audit(1618597832.219:1): state=initialized audit_enabled=0 res=1
[    0.152912] cpuidle: using governor menu
[    0.153555] ACPI: bus type PCI registered
[    0.154037] acpiphp: ACPI Hot Plug PCI Controller Driver version: 0.5
[    0.154779] PCI: Using configuration type 1 for base access
[    0.155375] PCI: Using configuration type 1 for extended access
[    0.156748] HugeTLB registered 2.00 MiB page size, pre-allocated 0 pages
[    0.157585] ACPI: Added _OSI(Module Device)
[    0.158063] ACPI: Added _OSI(Processor Device)
[    0.158570] ACPI: Added _OSI(3.0 _SCP Extensions)
[    0.159091] ACPI: Added _OSI(Processor Aggregator Device)
[    0.159681] ACPI: Added _OSI(Linux-Dell-Video)
[    0.160007] ACPI: Added _OSI(Linux-Lenovo-NV-HDMI-Audio)
[    0.160593] ACPI: Added _OSI(Linux-HPI-Hybrid-Graphics)
[    0.161383] ACPI: Executed 1 blocks of module-level executable AML code
[    0.164953] ACPI: Interpreter enabled
[    0.165393] ACPI: (supports S0 S5)
[    0.165797] ACPI: Using IOAPIC for interrupt routing
[    0.166526] PCI: Using host bridge windows from ACPI; if necessary, use "pci=nocrs" and report a bug
[    0.167619] ACPI: Enabled 2 GPEs in block 00 to 07
[    0.172426] ACPI: PCI Root Bridge [PCI0] (domain 0000 [bus 00-ff])
[    0.173097] acpi PNP0A03:00: _OSC: OS supports [ExtendedConfig ASPM ClockPM Segments MSI]
[    0.174748] acpi PNP0A03:00: _OSC: platform does not support [PCIeCapability]
[    0.175887] acpi PNP0A03:00: _OSC: not requesting control; platform does not support [PCIeCapability]
[    0.176003] acpi PNP0A03:00: _OSC: OS requested [PCIeHotplug PME AER PCIeCapability]
[    0.176845] acpi PNP0A03:00: _OSC: platform willing to grant [PCIeHotplug PME AER]
[    0.177667] acpi PNP0A03:00: _OSC failed (AE_SUPPORT); disabling ASPM
[    0.178648] PCI host bridge to bus 0000:00
[    0.179119] pci_bus 0000:00: root bus resource [io  0x0000-0x0cf7 window]
[    0.180002] pci_bus 0000:00: root bus resource [io  0x0d00-0xffff window]
[    0.180737] pci_bus 0000:00: root bus resource [mem 0x000a0000-0x000bffff window]
[    0.181884] pci_bus 0000:00: root bus resource [mem 0x20000000-0xfdffffff window]
[    0.182710] pci_bus 0000:00: root bus resource [bus 00-ff]
[    0.185456] pci 0000:00:01.1: legacy IDE quirk: reg 0x10: [io  0x01f0-0x01f7]
[    0.186221] pci 0000:00:01.1: legacy IDE quirk: reg 0x14: [io  0x03f6]
[    0.186928] pci 0000:00:01.1: legacy IDE quirk: reg 0x18: [io  0x0170-0x0177]
[    0.187684] pci 0000:00:01.1: legacy IDE quirk: reg 0x1c: [io  0x0376]
[    0.193310] pci 0000:00:07.0: quirk: [io  0x4000-0x403f] claimed by PIIX4 ACPI
[    0.194137] pci 0000:00:07.0: quirk: [io  0x4100-0x410f] claimed by PIIX4 SMB
[    0.198179] ACPI: PCI Interrupt Link [LNKA] (IRQs 5 9 10 *11)
[    0.199087] ACPI: PCI Interrupt Link [LNKB] (IRQs 5 9 *10 11)
[    0.199799] ACPI: PCI Interrupt Link [LNKC] (IRQs 5 *9 10 11)
[    0.200087] ACPI: PCI Interrupt Link [LNKD] (IRQs 5 9 10 *11)
[    0.200980] SCSI subsystem initialized
[    0.201514] pci 0000:00:02.0: vgaarb: setting as boot VGA device
[    0.202166] pci 0000:00:02.0: vgaarb: VGA device added: decodes=io+mem,owns=io+mem,locks=none
[    0.203086] pci 0000:00:02.0: vgaarb: bridge control possible
[    0.203708] vgaarb: loaded
[    0.204015] ACPI: bus type USB registered
[    0.204506] usbcore: registered new interface driver usbfs
[    0.205142] usbcore: registered new interface driver hub
[    0.205763] usbcore: registered new device driver usb
[    0.206384] EDAC MC: Ver: 3.0.0
[    0.208181] PCI: Using ACPI for IRQ routing
[    0.208858] NetLabel: Initializing
[    0.209265] NetLabel:  domain hash size = 128
[    0.209754] NetLabel:  protocols = UNLABELED CIPSOv4 CALIPSO
[    0.210387] NetLabel:  unlabeled traffic allowed by default
[    0.211076] clocksource: Switched to clocksource kvm-clock
[    0.233645] VFS: Disk quotas dquot_6.6.0
[    0.234167] VFS: Dquot-cache hash table entries: 512 (order 0, 4096 bytes)
[    0.235138] AppArmor: AppArmor Filesystem Enabled
[    0.235715] pnp: PnP ACPI init
[    0.236894] pnp: PnP ACPI: found 3 devices
[    0.242641] clocksource: acpi_pm: mask: 0xffffff max_cycles: 0xffffff, max_idle_ns: 2085701024 ns
[    0.243649] NET: Registered protocol family 2
[    0.244265] TCP established hash table entries: 4096 (order: 3, 32768 bytes)
[    0.245013] TCP bind hash table entries: 4096 (order: 4, 65536 bytes)
[    0.245701] TCP: Hash tables configured (established 4096 bind 4096)
[    0.246387] UDP hash table entries: 256 (order: 1, 8192 bytes)
[    0.247016] UDP-Lite hash table entries: 256 (order: 1, 8192 bytes)
[    0.247700] NET: Registered protocol family 1
[    0.248212] pci 0000:00:00.0: Limiting direct PCI/PCI transfers
[    0.248860] pci 0000:00:01.0: Activating ISA DMA hang workarounds
[    0.249542] pci 0000:00:02.0: Video device with shadowed ROM at [mem 0x000c0000-0x000dffff]
[    0.250504] Unpacking initramfs...
[    0.585156] Freeing initrd memory: 19224K
[    0.585767] clocksource: tsc: mask: 0xffffffffffffffff max_cycles: 0x21173ab829c, max_idle_ns: 440795202126 ns
[    0.586949] platform rtc_cmos: registered platform RTC device (no PNP device found)
[    0.587871] Scanning for low memory corruption every 60 seconds
[    0.589012] Initialise system trusted keyrings
[    0.589549] Key type blacklist registered
[    0.590055] workingset: timestamp_bits=36 max_order=17 bucket_order=0
[    0.591460] zbud: loaded
[    0.592186] squashfs: version 4.0 (2009/01/31) Phillip Lougher
[    0.592955] fuse init (API version 7.26)
[    0.594018] Key type asymmetric registered
[    0.594504] Asymmetric key parser 'x509' registered
[    0.595086] Block layer SCSI generic (bsg) driver version 0.4 loaded (major 246)
[    0.595957] io scheduler noop registered
[    0.596426] io scheduler deadline registered
[    0.596922] io scheduler cfq registered (default)
[    0.597635] ACPI: AC Adapter [AC] (on-line)
[    0.598161] input: Power Button as /devices/LNXSYSTM:00/LNXPWRBN:00/input/input0
[    0.598999] ACPI: Power Button [PWRF]
[    0.599487] input: Sleep Button as /devices/LNXSYSTM:00/LNXSLPBN:00/input/input1
[    0.600329] ACPI: Sleep Button [SLPF]
[    0.601416] ACPI: Battery Slot [BAT0] (battery present)
[    0.602119] Serial: 8250/16550 driver, 32 ports, IRQ sharing enabled
[    0.623555] 00:02: ttyS0 at I/O 0x3f8 (irq = 4, base_baud = 115200) is a 16550A
[    0.630546] Linux agpgart interface v0.103
[    0.632016] loop: module loaded
[    0.632877] scsi host0: ata_piix
[    0.633400] scsi host1: ata_piix
[    0.633871] ata1: PATA max UDMA/33 cmd 0x1f0 ctl 0x3f6 bmdma 0xd000 irq 14
[    0.634799] ata2: PATA max UDMA/33 cmd 0x170 ctl 0x376 bmdma 0xd008 irq 15
[    0.636121] libphy: Fixed MDIO Bus: probed
[    0.636645] tun: Universal TUN/TAP device driver, 1.6
[    0.637323] PPP generic driver version 2.4.2
[    0.637901] ehci_hcd: USB 2.0 'Enhanced' Host Controller (EHCI) Driver
[    0.638714] ehci-pci: EHCI PCI platform driver
[    0.639315] ehci-platform: EHCI generic platform driver
[    0.639997] ohci_hcd: USB 1.1 'Open' Host Controller (OHCI) Driver
[    0.640796] ohci-pci: OHCI PCI platform driver
[    0.641360] ohci-platform: OHCI generic platform driver
[    0.641991] uhci_hcd: USB Universal Host Controller Interface driver
[    0.642783] i8042: PNP: PS/2 Controller [PNP0303:PS2K,PNP0f03:PS2M] at 0x60,0x64 irq 1,12
[    0.644156] serio: i8042 KBD port at 0x60,0x64 irq 1
[    0.644917] serio: i8042 AUX port at 0x60,0x64 irq 12
[    0.645567] mousedev: PS/2 mouse device common for all mice
[    0.646426] input: AT Translated Set 2 keyboard as /devices/platform/i8042/serio0/input/input2
[    0.647748] rtc_cmos rtc_cmos: rtc core: registered rtc_cmos as rtc0
[    0.648538] rtc_cmos rtc_cmos: alarms up to one day, 114 bytes nvram
[    0.649268] i2c /dev entries driver
[    0.649738] device-mapper: uevent: version 1.0.3
[    0.650341] device-mapper: ioctl: 4.37.0-ioctl (2017-09-20) initialised: dm-devel@redhat.com
[    0.651322] ledtrig-cpu: registered to indicate activity on CPUs
[    0.652205] NET: Registered protocol family 10
[    0.654762] Segment Routing with IPv6
[    0.655260] NET: Registered protocol family 17
[    0.655812] Key type dns_resolver registered
[    0.656437] mce: Using 0 MCE banks
[    0.656869] RAS: Correctable Errors collector initialized.
[    0.657507] sched_clock: Marking stable (656339940, 0)->(797135379, -140795439)
[    0.658418] registered taskstats version 1
[    0.658919] Loading compiled-in X.509 certificates
[    0.660917] Loaded X.509 cert 'Build time autogenerated kernel key: a98b2ffd047997e948f693688a19fea0dd669537'
[    0.662090] zswap: loaded using pool lzo/zbud
[    0.664732] Key type big_key registered
[    0.665442] Key type trusted registered
[    0.666867] Key type encrypted registered
[    0.667361] AppArmor: AppArmor sha1 policy hashing enabled
[    0.667989] ima: No TPM chip found, activating TPM-bypass! (rc=-19)
[    0.668799] ima: Allocated hash algorithm: sha1
[    0.669367] evm: HMAC attrs: 0x1
[    0.669974]   Magic number: 1:577:544
[    0.670433] tty ttyS20: hash matches
[    0.670941] rtc_cmos rtc_cmos: setting system clock to 2021-04-16 18:30:27 UTC (1618597827)
[    0.672161] BIOS EDD facility v0.16 2004-Jun-25, 0 devices found
[    0.673311] EDD information not available.
[    0.816535] Freeing unused kernel image memory: 2440K
[    0.824165] Write protecting the kernel read-only data: 20480k
[    0.825251] Freeing unused kernel image memory: 2008K
[    0.826114] Freeing unused kernel image memory: 1868K
[    0.832746] x86/mm: Checked W+X mappings: passed, no W+X pages found.
Loading, please wait...
starting version 237
[    0.906417] e1000: Intel(R) PRO/1000 Network Driver - version 7.3.21-k8-NAPI
[    0.907253] e1000: Copyright (c) 1999-2006 Intel Corporation.
[    0.911305] Fusion MPT base driver 3.04.20
[    0.911820] Copyright (c) 1999-2008 LSI Corporation
[    0.914450] Fusion MPT SPI Host driver 3.04.20
[    0.930117] AVX2 version of gcm_enc/dec engaged.
[    0.930697] AES CTR mode by8 optimization enabled
[    1.121990] input: ImExPS/2 Generic Explorer Mouse as /devices/platform/i8042/serio1/input/input4
[    1.287909] e1000 0000:00:03.0 eth0: (PCI:33MHz:32-bit) 02:11:f7:37:ca:bc
[    1.288915] e1000 0000:00:03.0 eth0: Intel(R) PRO/1000 Network Connection
[    1.290605] mptbase: ioc0: Initiating bringup
[    1.384230] ioc0: LSI53C1030 A0: Capabilities={Initiator}
[    1.625110] scsi host2: ioc0: LSI53C1030 A0, FwRev=00000000h, Ports=1, MaxQ=256, IRQ=20
[    1.792328] scsi 2:0:0:0: Direct-Access     VBOX     HARDDISK         1.0  PQ: 0 ANSI: 5
[    1.793677] scsi target2:0:0: Beginning Domain Validation
[    1.796428] scsi target2:0:0: Domain Validation skipping write tests
[    1.797310] scsi target2:0:0: Ending Domain Validation
[    1.797908] random: fast init done
[    1.798312] scsi target2:0:0: asynchronous
[    1.799046] scsi 2:0:1:0: Direct-Access     VBOX     HARDDISK         1.0  PQ: 0 ANSI: 5
[    1.799934] scsi target2:0:1: Beginning Domain Validation
[    1.801067] scsi target2:0:1: Domain Validation skipping write tests
[    1.801755] scsi target2:0:1: Ending Domain Validation
[    1.802370] scsi target2:0:1: asynchronous
[    1.805515] random: systemd-udevd: uninitialized urandom read (16 bytes read)
[    1.806309] random: systemd-udevd: uninitialized urandom read (16 bytes read)
[    1.807071] random: systemd-udevd: uninitialized urandom read (16 bytes read)
[    1.808058] sd 2:0:0:0: [sda] 83886080 512-byte logical blocks: (42.9 GB/40.0 GiB)
[    1.808931] sd 2:0:0:0: [sda] Write Protect is off
[    1.809531] sd 2:0:0:0: [sda] Incomplete mode parameter data
[    1.810157] sd 2:0:0:0: [sda] Assuming drive cache: write through
[    1.811235] sd 2:0:0:0: Attached scsi generic sg0 type 0
[    1.812240] sd 2:0:1:0: [sdb] 20480 512-byte logical blocks: (10.5 MB/10.0 MiB)
[    1.813525] sd 2:0:1:0: [sdb] Write Protect is off
[    1.814128] sd 2:0:1:0: [sdb] Incomplete mode parameter data
[    1.814748] sd 2:0:1:0: [sdb] Assuming drive cache: write through
[    1.815813]  sda: sda1
[    1.816382] sd 2:0:1:0: Attached scsi generic sg1 type 0
[    1.817250] sd 2:0:0:0: [sda] Attached SCSI disk
[    1.818885] sd 2:0:1:0: [sdb] Attached SCSI disk
[    2.147873] e1000 0000:00:08.0 eth1: (PCI:33MHz:32-bit) 08:00:27:e2:6e:c3
[    2.148870] e1000 0000:00:08.0 eth1: Intel(R) PRO/1000 Network Connection
[    2.150729] e1000 0000:00:08.0 enp0s8: renamed from eth1
[    2.152949] e1000 0000:00:03.0 enp0s3: renamed from eth0
Begin: Loading essential drivers ... [    3.500346] raid6: sse2x1   gen()  6759 MB/s
[    3.548349] raid6: sse2x1   xor()  6477 MB/s
[    3.596359] raid6: sse2x2   gen() 13461 MB/s
[    3.644344] raid6: sse2x2   xor()  8730 MB/s
[    3.692366] raid6: sse2x4   gen() 14238 MB/s
[    3.740360] raid6: sse2x4   xor()  7894 MB/s
[    3.788352] raid6: avx2x1   gen() 14521 MB/s
[    3.836354] raid6: avx2x1   xor() 11414 MB/s
[    3.884403] raid6: avx2x2   gen() 19433 MB/s
[    3.932335] raid6: avx2x2   xor() 11950 MB/s
[    3.980340] raid6: avx2x4   gen() 16555 MB/s
[    4.028340] raid6: avx2x4   xor() 10987 MB/s
[    4.029009] raid6: using algorithm avx2x2 gen() 19433 MB/s
[    4.029783] raid6: .... xor() 11950 MB/s, rmw enabled
[    4.030505] raid6: using avx2x2 recovery algorithm
[    4.032803] xor: automatically using best checksumming function   avx       
[    4.035003] async_tx: api initialized (async)
done.
Begin: Running /scripts/init-premount ... done.
Begin: Mounting root file system ... Begin: Running /scripts/local-top ... done.
Begin: Running /scripts/local-premount ... [    4.083024] Btrfs loaded, crc32c=crc32c-intel
Scanning for Btrfs filesystems
done.
Warning: fsck not present, so skipping root file system
[    4.107611] EXT4-fs (sda1): mounted filesystem with ordered data mode. Opts: (null)
done.
Begin: Running /scripts/local-bottom ... done.
Begin: Running /scripts/init-bottom ... done.
[    4.246541] ip_tables: (C) 2000-2006 Netfilter Core Team
[    4.253930] systemd[1]: systemd 237 running in system mode. (+PAM +AUDIT +SELINUX +IMA +APPARMOR +SMACK +SYSVINIT +UTMP +LIBCRYPTSETUP +GCRYPT +GNUTLS +ACL +XZ +LZ4 +SECCOMP +BLKID +ELFUTILS +KMOD -IDN2 +IDN -PCRE2 default-hierarchy=hybrid)
[    4.256932] systemd[1]: Detected virtualization oracle.
[    4.257691] systemd[1]: Detected architecture x86-64.

Welcome to [1mUbuntu 18.04.5 LTS[0m!

[    4.261697] systemd[1]: Set hostname to <ubuntu>.
[    4.265029] systemd[1]: Initializing machine ID from random generator.
[    4.266009] systemd[1]: Installed transient /etc/machine-id file.
[    4.482298] systemd[1]: Reached target System Time Synchronized.
[[0;32m  OK  [0m] Reached target System Time Synchronized.
[    4.483990] systemd[1]: Reached target User and Group Name Lookups.
[[0;32m  OK  [0m] Reached target User and Group Name Lookups.
[    4.485713] systemd[1]: Started Forward Password Requests to Wall Directory Watch.
[[0;32m  OK  [0m] Started Forward Password Requests to Wall Directory Watch.
[    4.488060] systemd[1]: Created slice System Slice.
[[0;32m  OK  [0m] Created slice System Slice.
[[0;32m  OK  [0m] Created slice system-serial\x2dgetty.slice.
[[0;32m  OK  [0m] Listening on LVM2 metadata daemon socket.
[[0;32m  OK  [0m] Listening on Journal Socket.
         Starting Create list of required st…ce nodes for the current kernel...
         Mounting Kernel Debug File System...
         Starting Set the console keyboard layout...
[[0;32m  OK  [0m] Listening on Device-mapper event daemon FIFOs.
         Starting Load Kernel Modules...
         Mounting Huge Pages File System...
[[0;32m  OK  [0m] Listening on Journal Audit Socket.
         Starting Remount Root and Kernel File Systems...
[[0;32m  OK  [0m] Listening on Journal Socket (/dev/log).
[[0;32m  OK  [0m] Listening on Network Service Netlink Socket.
         Starting Uncomplicated firewall...
[[0;32m  OK  [0m] Listening on Syslog Socket.
         Starting Journal Service...
[[0;32m  OK  [0m[    4.526938] Loading iSCSI transport class v2.0-870.
] Created slice User and Session Slice.
[[0;32m  OK  [0m] Listening on /dev/initctl Compatibility Named Pipe.
         Starting Monitoring of LVM2 mirrors…ng dmeventd or progress polling...
[[0;32m  OK  [0m] Listening on udev Kernel Socket.
[[0;32m  OK  [0m] Listening on LVM2 poll daemon socket.
[[0;32m  OK  [0m] Reached target Slices.
         Mounting POSIX Message Queue File System...
[[0;32m  OK  [0m] Set up automount Arbitrary Executab…rmats File System Automount Point.
[    4.549023] EXT4-fs (sda1): re-mounted. Opts: (null)
[[0;32m  OK  [0m] Reached target Swap.
[[0;32m  OK  [0m] Listening on udev Control Socket.
         Starting udev Coldplug all Devices...
[[0;32m  OK  [0m] Started Create list of required sta…vice nodes for the current kernel.
[[0;32m  OK  [0m] Mounted Kernel Debug File System.
[[0;32m  OK  [0m] Mounted Huge Pages File System.
[[0;32m  OK  [0m] Started Remount Root and Kernel File Systems.
[[    4.597748] iscsi: registered transport (tcp)
[0;32m  OK  [0m] Started Uncomplicated firewall.
[[0;32m  OK  [0m] Mounted POSIX Message Queue File System.
[[0;32m  OK  [0m] Started LVM2 metadata daemon.
         Starting Load/Save Random Seed...
         Starting Create Static Device Nodes in /dev...
[[0;32m  OK  [0m] Started Journal Service.
         Starting Flush Journal to Persistent Storage...
[    4.657011] iscsi: registered transport (iser)
[[0;32m  OK  [0m] Started Load Kernel Modules.
         Mounting Kernel Configuration File System...
         Mounting FUSE Control File System...
         Starting Apply Kernel Variables...
[[0;32m  OK  [0m] Mounted FUSE Control File System.
[[0;32m  OK  [0m] Mounted Kernel Configuration File System.
[[0;32m  OK  [0m] Started Load/Save Random Seed.
[    4.695980] systemd-journald[415]: Received request to flush runtime journal from PID 1
[[0;32m  OK  [0m] Started Monitoring of LVM2 mirrors,…sing dmeventd or progress polling.
[[0;32m  OK  [0m] Started udev Coldplug all Devices.
[[0;32m  OK  [0m] Started Create Static Device Nodes in /dev.
         Starting udev Kernel Device Manager...
[[0;32m  OK  [0m] Started Apply Kernel Variables.
[[0;32m  OK  [0m] Started udev Kernel Device Manager.
[[0;32m  OK  [0m] Started Flush Journal to Persistent Storage.
[[0;32m  OK  [0m] Started Set the console keyboard layout.
[[0;32m  OK  [0m] Started Dispatch Password Requests to Console Directory Watch.
[[0;32m  OK  [0m] Reached target Local Encrypted Volumes.
[[0;32m  OK  [0m] Reached target Local File Systems (Pre).
[[0;32m  OK  [0m] Reached target Local File Systems.
         Starting AppArmor initialization...
         Starting Tell Plymouth To Write Out Runtime Data...
         Starting Set console font and keymap...
         Starting Commit a transient machine-id on disk...
         Starting Create Volatile Files and Directories...
         Starting ebtables ruleset management...
[[0;32m  OK  [0m] Started Set console font and keymap.
[[0;32m  OK  [0m] Started Tell Plymouth To Write Out Runtime Data.
[[0;32m  OK  [0m] Started Commit a transient machine-id on disk.
[[0;32m  OK  [0m] Started Create Volatile Files and Directories.
         Starting Update UTMP about System Boot/Shutdown...
[[0;32m  OK  [0m] Started Update UTMP about System Boot/Shutdown.
[[0;32m  OK  [0m] Started ebtables ruleset management.
[[0;32m  OK  [0m] Found device /dev/ttyS0.
[[0;32m  OK  [0m] Listening on Load/Save RF Kill Switch Status /dev/rfkill Watch.
[[0;32m  OK  [0m] Started AppArmor initialization.
         Starting Load AppArmor profiles managed internally by snapd...
         Starting Initial cloud-init job (pre-networking)...
[[0;32m  OK  [0m] Started Load AppArmor profiles managed internally by snapd.
[    7.125369] cloud-init[565]: Cloud-init v. 20.4-0ubuntu1~18.04.2 running 'init-local' at Fri, 16 Apr 2021 18:30:33 +0000. Up 6.82 seconds.
[[0;32m  OK  [0m] Started Initial cloud-init job (pre-networking).
[[0;32m  OK  [0m] Reached target Network (Pre).
         Starting Network Service...
[[0;32m  OK  [0m] Started Network Service.
         Starting Network Name Resolution...
         Starting Wait for Network to be Configured...
[[0;32m  OK  [0m] Started Network Name Resolution.
[[0;32m  OK  [0m] Reached target Host and Network Name Lookups.
[[0;32m  OK  [0m] Reached target Network.
[[0;32m  OK  [0m] Started Wait for Network to be Configured.
         Starting Initial cloud-init job (metadata service crawler)...
[    9.625334] cloud-init[645]: Cloud-init v. 20.4-0ubuntu1~18.04.2 running 'init' at Fri, 16 Apr 2021 18:30:36 +0000. Up 9.48 seconds.
[    9.627794] cloud-init[645]: ci-info: ++++++++++++++++++++++++++++++++++++++Net device info+++++++++++++++++++++++++++++++++++++++
[    9.629292] cloud-init[645]: ci-info: +--------+-------+----------------------------+---------------+--------+-------------------+
[    9.632241] cloud-init[645]: ci-info: | Device |   Up  |          Address           |      Mask     | Scope  |     Hw-Address    |
[    9.635037] cloud-init[645]: ci-info: +--------+-------+----------------------------+---------------+--------+-------------------+
[    9.638052] cloud-init[645]: ci-info: | enp0s3 |  True |         10.0.2.15          | 255.255.255.0 | global | 02:11:f7:37:ca:bc |
[    9.641216] cloud-init[645]: ci-info: | enp0s3 |  True | fe80::11:f7ff:fe37:cabc/64 |       .       |  link  | 02:11:f7:37:ca:bc |
[    9.645732] cloud-init[645]: ci-info: | enp0s8 | False |             .              |       .       |   .    | 08:00:27:e2:6e:c3 |
[    9.649482] cloud-init[645]: ci-info: |   lo   |  True |         127.0.0.1          |   255.0.0.0   |  host  |         .         |
[    9.652021] cloud-init[645]: ci-info: |   lo   |  True |          ::1/128           |       .       |  host  |         .         |
[    9.654311] cloud-init[645]: ci-info: +--------+-------+----------------------------+---------------+--------+-------------------+
[    9.658049] cloud-init[645]: ci-info: ++++++++++++++++++++++++++++Route IPv4 info+++++++++++++++++++++++++++++
[    9.661687] cloud-init[645]: ci-info: +-------+-------------+----------+-----------------+-----------+-------+
[    9.664539] cloud-init[645]: ci-info: | Route | Destination | Gateway  |     Genmask     | Interface | Flags |
[    9.667316] cloud-init[645]: ci-info: +-------+-------------+----------+-----------------+-----------+-------+
[    9.668866] cloud-init[645]: ci-info: |   0   |   0.0.0.0   | 10.0.2.2 |     0.0.0.0     |   enp0s3  |   UG  |
[    9.672374] cloud-init[645]: ci-info: |   1   |   10.0.2.0  | 0.0.0.0  |  255.255.255.0  |   enp0s3  |   U   |
[    9.675315] cloud-init[645]: ci-info: |   2   |   10.0.2.2  | 0.0.0.0  | 255.255.255.255 |   enp0s3  |   UH  |
[    9.676640] cloud-init[645]: ci-info: +-------+-------------+----------+-----------------+-----------+-------+
[    9.680267] cloud-init[645]: ci-info: +++++++++++++++++++Route IPv6 info+++++++++++++++++++
[    9.681349] cloud-init[645]: ci-info: +-------+-------------+---------+-----------+-------+
[    9.682562] cloud-init[645]: ci-info: | Route | Destination | Gateway | Interface | Flags |
[    9.684130] cloud-init[645]: ci-info: +-------+-------------+---------+-----------+-------+
[    9.685331] cloud-init[645]: ci-info: |   1   |  fe80::/64  |    ::   |   enp0s3  |   U   |
[    9.686619] cloud-init[645]: ci-info: |   3   |    local    |    ::   |   enp0s3  |   U   |
[    9.688655] cloud-init[645]: ci-info: |   4   |   ff00::/8  |    ::   |   enp0s3  |   U   |
[    9.690322] cloud-init[645]: ci-info: +-------+-------------+---------+-----------+-------+
[   10.206536] cloud-init[645]: Generating public/private rsa key pair.
[   10.207433] cloud-init[645]: Your identification has been saved in /etc/ssh/ssh_host_rsa_key.
[   10.208543] cloud-init[645]: Your public key has been saved in /etc/ssh/ssh_host_rsa_key.pub.
[   10.211928] cloud-init[645]: The key fingerprint is:
[   10.212735] cloud-init[645]: SHA256:SfeW2vaVaQyQ0hVzxAVX7JmThG0WYDexj52ofrQNZww root@ubuntu-bionic
[   10.213825] cloud-init[645]: The key's randomart image is:
[   10.216767] cloud-init[645]: +---[RSA 2048]----+
[   10.217485] cloud-init[645]: |             *OXO|
[   10.220685] cloud-init[645]: |          . +.+B+|
[   10.221371] cloud-init[645]: |        ...+  +o+|
[   10.222077] cloud-init[645]: |       . o...E.B+|
[   10.222759] cloud-init[645]: |        S   +o+.+|
[   10.224579] cloud-init[645]: |           +.oo+o|
[   10.228510] cloud-init[645]: |          ..+ *=.|
[   10.229240] cloud-init[645]: |          .. +.o |
[   10.229933] cloud-init[645]: |           .. .  |
[   10.230625] cloud-init[645]: +----[SHA256]-----+
[   10.232416] cloud-init[645]: Generating public/private dsa key pair.
[   10.236355] cloud-init[645]: Your identification has been saved in /etc/ssh/ssh_host_dsa_key.
[   10.237446] cloud-init[645]: Your public key has been saved in /etc/ssh/ssh_host_dsa_key.pub.
[   10.238447] cloud-init[645]: The key fingerprint is:
[   10.240156] cloud-init[645]: SHA256:Bxzy5p7ZWpP4Ilgs3LAo+oPggwGJN6VHnkqFGUhs2FE root@ubuntu-bionic
[   10.244230] cloud-init[645]: The key's randomart image is:
[   10.245064] cloud-init[645]: +---[DSA 1024]----+
[   10.245747] cloud-init[645]: |++o*E . .        |
[   10.246445] cloud-init[645]: |oo+ +  + .       |
[   10.249087] cloud-init[645]: |o. * .  =        |
[   10.249830] cloud-init[645]: |+ = =  o .       |
[   10.253000] cloud-init[645]: |.o * =  S .      |
[   10.253770] cloud-init[645]: |+ o + +. * .     |
[   10.254458] cloud-init[645]: |=+   +  = =      |
[   10.256870] cloud-init[645]: |+o. . . .+ .     |
[   10.257617] cloud-init[645]: | .o.   ....      |
[   10.258317] cloud-init[645]: +----[SHA256]-----+
[   10.260831] cloud-init[645]: Generating public/private ecdsa key pair.
[   10.261809] cloud-init[645]: Your identification has been saved in /etc/ssh/ssh_host_ecdsa_key.
[   10.264755] cloud-init[645]: Your public key has been saved in /etc/ssh/ssh_host_ecdsa_key.pub.
[   10.268654] cloud-init[645]: The key fingerprint is:
[   10.269408] cloud-init[645]: SHA256:uz4GZE9YUteqSctpB/re7NUQh0jEYMfMgMWq/BiDh6o root@ubuntu-bionic
[   10.270575] cloud-init[645]: The key's randomart image is:
[   10.272553] cloud-init[645]: +---[ECDSA 256]---+
[   10.276544] cloud-init[645]: |       =*O=.     |
[   10.277229] cloud-init[645]: |      o.o+=...   |
[   10.277861] cloud-init[645]: |       =  ..o .  |
[   10.278477] cloud-init[645]: |      = + .  o   |
[   10.279116] cloud-init[645]: |   + + *S*  .    |
[   10.280363] cloud-init[645]: |  o * o O..  o   |
[   10.284344] cloud-init[645]: | . . = +..  . .  |
[   10.284998] cloud-init[645]: |.   . . ++ .     |
[   10.285654] cloud-init[645]: |E      ++o+      |
[   10.286297] cloud-init[645]: +----[SHA256]-----+
[   10.286924] cloud-init[645]: Generating public/private ed25519 key pair.
[   10.288208] cloud-init[645]: Your identification has been saved in /etc/ssh/ssh_host_ed25519_key.
[   10.292228] cloud-init[645]: Your public key has been saved in /etc/ssh/ssh_host_ed25519_key.pub.
[   10.293278] cloud-init[645]: The key fingerprint is:
[   10.293890] cloud-init[645]: SHA256:G/bL0dCsukmoINK2y+lv9R84DSW+ZtMxdO1mkuxsyfw root@ubuntu-bionic
[   10.297062] cloud-init[645]: The key's randomart image is:
[   10.297768] cloud-init[645]: +--[ED25519 256]--+
[   10.298375] cloud-init[645]: |                 |
[   10.300945] cloud-init[645]: |             .   |
[   10.301580] cloud-init[645]: |        . o . .  |
[   10.302159] cloud-init[645]: |       . + = o   |
[   10.304883] cloud-init[645]: |        S + * +  |
[   10.305489] cloud-init[645]: | .    .o X @ =   |
[   10.306059] cloud-init[645]: |o +  ...X B O    |
[   10.308829] cloud-init[645]: |.+ +.. +.* = .   |
[   10.309451] cloud-init[645]: | .*+o   +o+   E  |
[   10.310000] cloud-init[645]: +----[SHA256]-----+
[[0;32m  OK  [0m] Started Initial cloud-init job (metadata service crawler).
[[0;32m  OK  [0m] Reached target Network is Online.
         Starting Availability of block devices...
[[0;32m  OK  [0m] Reached target Remote File Systems (Pre).
[[0;32m  OK  [0m] Reached target Remote File Systems.
[[0;32m  OK  [0m] Reached target System Initialization.
[[0;32m  OK  [0m] Listening on Open-iSCSI iscsid Socket.
[[0;32m  OK  [0m] Started Discard unused blocks once a week.
         Starting Socket activation for snappy daemon.
[[0;32m  OK  [0m] Started ACPI Events Check.
[[0;32m  OK  [0m] Listening on ACPID Listen Socket.
[[0;32m  OK  [0m] Started Daily Cleanup of Temporary Directories.
[[0;32m  OK  [0m] Started Daily apt download activities.
[[0;32m  OK  [0m] Started Daily apt upgrade and clean activities.
[[0;32m  OK  [0m] Started Message of the Day.
[[0;32m  OK  [0m] Reached target Timers.
         Starting LXD - unix socket.
[[0;32m  OK  [0m] Listening on D-Bus System Message Bus Socket.
[[0;32m  OK  [0m] Reached target Paths.
[[0;32m  OK  [0m] Listening on UUID daemon activation socket.
[[0;32m  OK  [0m] Reached target Cloud-config availability.
[[0;32m  OK  [0m] Started Availability of block devices.
[[0;32m  OK  [0m] Listening on Socket activation for snappy daemon.
[[0;32m  OK  [0m] Listening on LXD - unix socket.
[[0;32m  OK  [0m] Reached target Sockets.
[[0;32m  OK  [0m] Reached target Basic System.
[[0;32m  OK  [0m] Started irqbalance daemon.
         Starting LSB: Record successful boot for GRUB...
         Starting System Logging Service...
         Starting Dispatcher daemon for systemd-networkd...
[[0;32m  OK  [0m] Started Regular background program processing daemon.
[[0;32m  OK  [0m] Started D-Bus System Message Bus.
         Starting LXD - container startup/shutdown...
         Starting Snap Daemon...
         Starting Accounts Service...
[[0;32m  OK  [0m] Started FUSE filesystem for LXC.
         Starting Pollinate to seed the pseudo random number generator...
         Starting Virtualbox guest utils...
         Starting LSB: automatic crash report generation...
[[0;32m  OK  [0m] Started Deferred execution scheduler.
         Starting Login Service...
         Starting Permit User Sessions...
[[0;32m  OK  [0m] Started System Logging Service.
[[0;32m  OK  [0m] Started LXD - container startup/shutdown.
[[0;32m  OK  [0m] Started Permit User Sessions.
         Starting Hold until boot process finishes up...
         Starting Terminate Plymouth Boot Screen...
[[0;32m  OK  [0m] Started Hold until boot process finishes up.
         Starting Set console scheme...
[[0;32m  OK  [0m] Started Serial Getty on ttyS0.
[[0;32m  OK  [0m] Started Terminate Plymouth Boot Screen.
[[0;32m  OK  [0m] Started Login Service.
[[0;32m  OK  [0m] Started Unattended Upgrades Shutdown.
[[0;32m  OK  [0m] Started LSB: Record successful boot for GRUB.
[[0;32m  OK  [0m] Started Set console scheme.
[[0;32m  OK  [0m] Created slice system-getty.slice.
[[0;32m  OK  [0m] Started Getty on tty1.
[[0;32m  OK  [0m] Reached target Login Prompts.
         Starting Authorization Manager...
[[0;32m  OK  [0m] Started LSB: automatic crash report generation.
[[0;32m  OK  [0m] Started Authorization Manager.
[[0;32m  OK  [0m] Started Accounts Service.
[[0;32m  OK  [0m] Started Virtualbox guest utils.
[[0;32m  OK  [0m] Started Dispatcher daemon for systemd-networkd.
[[0;32m  OK  [0m] Started Snap Daemon.
         Starting Wait until snapd is fully seeded...
[[0;32m  OK  [0m] Started Pollinate to seed the pseudo random number generator.
         Starting OpenBSD Secure Shell server...
[[0;32m  OK  [0m] Started OpenBSD Secure Shell server.
[[0;32m  OK  [0m] Created slice User Slice of vagrant.
         Starting User Manager for UID 1000...
[[0;32m  OK  [0m] Started Session 1 of user vagrant.
[[0;32m  OK  [0m] Started User Manager for UID 1000.
[[0;32m  OK  [0m] Started Wait until snapd is fully seeded.
         Starting Apply the settings specified in cloud-config...
[[0;32m  OK  [0m] Reached target Multi-User System.
[[0;32m  OK  [0m] Reached target Graphical Interface.
         Starting Update UTMP about System Runlevel Changes...
[[0;32m  OK  [0m] Started Update UTMP about System Runlevel Changes.
[   15.426920] cloud-init[1147]: Cloud-init v. 20.4-0ubuntu1~18.04.2 running 'modules:config' at Fri, 16 Apr 2021 18:30:41 +0000. Up 14.87 seconds.
[[0;32m  OK  [0m] Started Apply the settings specified in cloud-config.
         Starting Execute cloud user/final scripts...
ci-info: no authorized SSH keys fingerprints found for user ubuntu.
<14>Apr 16 18:30:42 ec2: 
<14>Apr 16 18:30:42 ec2: #############################################################
<14>Apr 16 18:30:42 ec2: -----BEGIN SSH HOST KEY FINGERPRINTS-----
<14>Apr 16 18:30:42 ec2: 1024 SHA256:Bxzy5p7ZWpP4Ilgs3LAo+oPggwGJN6VHnkqFGUhs2FE root@ubuntu-bionic (DSA)
<14>Apr 16 18:30:42 ec2: 256 SHA256:uz4GZE9YUteqSctpB/re7NUQh0jEYMfMgMWq/BiDh6o root@ubuntu-bionic (ECDSA)
<14>Apr 16 18:30:42 ec2: 256 SHA256:G/bL0dCsukmoINK2y+lv9R84DSW+ZtMxdO1mkuxsyfw root@ubuntu-bionic (ED25519)
<14>Apr 16 18:30:42 ec2: 2048 SHA256:SfeW2vaVaQyQ0hVzxAVX7JmThG0WYDexj52ofrQNZww root@ubuntu-bionic (RSA)
<14>Apr 16 18:30:42 ec2: -----END SSH HOST KEY FINGERPRINTS-----
<14>Apr 16 18:30:42 ec2: #############################################################
-----BEGIN SSH HOST KEY KEYS-----
ecdsa-sha2-nistp256 AAAAE2VjZHNhLXNoYTItbmlzdHAyNTYAAAAIbmlzdHAyNTYAAABBBDaHV8vgtC4vTxNYR4eLlv+DyGdSIXUzLChpKxybA/i27bbq0TvOcsbGdXRb8f1ImIaC9gXcL5APsy+cedaNhtw= root@ubuntu-bionic
ssh-ed25519 AAAAC3NzaC1lZDI1NTE5AAAAIDLg12OuWSJkkYQapoz2Y+7SGbJP46BF57NWtf82h9bv root@ubuntu-bionic
ssh-rsa AAAAB3NzaC1yc2EAAAADAQABAAABAQC+7o2Ri7uJkMFDFDiVPP+SDGdXS3Mzd+nMMXQ7iCGNHherlAJWskCQPrpLQh/ABV7uvDOPadhW/0h8OQkIZU8vW0tTiEaqYCwnA7AW8W5IAGTRo7ZrAuv2OwpF3JR9veXZY4+DGFIYXs/YxE/UgHbBbLF6TkKV2gN/sStxb7JIxPPuxJ8FkCMYGViikUlhZK5x6mLck2U9wJXhWPjqohTrcpJDuzDWXHMme3svpBzFKRGXHHjnYr0t1eFNgz+ph3fmc8XIRjpf1Fv1YPwnD8o6d0zcS5ThQIPCZltTaPMzc1+qWXkzecYA28nMcm+BK5ijMjTpg3cTU5XjPdAh1RVX root@ubuntu-bionic
-----END SSH HOST KEY KEYS-----
[   16.135308] cloud-init[1247]: Cloud-init v. 20.4-0ubuntu1~18.04.2 running 'modules:final' at Fri, 16 Apr 2021 18:30:42 +0000. Up 15.95 seconds.
[   16.136589] cloud-init[1247]: ci-info: no authorized SSH keys fingerprints found for user ubuntu.
[   16.137433] cloud-init[1247]: Cloud-init v. 20.4-0ubuntu1~18.04.2 finished at Fri, 16 Apr 2021 18:30:42 +0000. Datasource DataSourceNoCloud [seed=/dev/sdb][dsmode=net].  Up 16.12 seconds

Ubuntu 18.04.5 LTS ubuntu-bionic ttyS0

ubuntu-bionic login: [[0;32m  OK  [0m] Stopped Unattended Upgrades Shutdown.
         Stopping Availability of block devices...
[[0;32m  OK  [0m] Stopped target Cloud-init target.
         Stopping Session 7 of user vagrant.
[[0;32m  OK  [0m] Stopped Execute cloud user/final scripts.
[[0;32m  OK  [0m] Stopped target Timers.
[[0;32m  OK  [0m] Stopped Clean PHP session files every 30 mins.
[[0;32m  OK  [0m] Stopped Discard unused blocks once a week.
[[0;32m  OK  [0m] Stopped Daily apt upgrade and clean activities.
[[0;32m  OK  [0m] Stopped Daily apt download activities.
[[0;32m  OK  [0m] Stopped Daily Cleanup of Temporary Directories.
         Unmounting /vagrant...
         Unmounting /var/www/html...
[[0;32m  OK  [0m] Stopped target Graphical Interface.
[[0;32m  OK  [0m] Stopped target Multi-User System.
         Stopping FUSE filesystem for LXC...
         Stopping Dispatcher daemon for systemd-networkd...
         Stopping LXD - container startup/shutdown...
         Stopping Deferred execution scheduler...
         Stopping D-Bus System Message Bus...
         Stopping OpenBSD Secure Shell server...
         Stopping The Apache HTTP Server...
         Stopping Regular background program processing daemon...
         Stopping LSB: Record successful boot for GRUB...
         Stopping Accounts Service...
         Stopping LSB: automatic crash report generation...
[[0;32m  OK  [0m] Closed Load/Save RF Kill Switch Status /dev/rfkill Watch.
         Stopping User Manager for UID 1000...
[[0;32m  OK  [0m] Stopped target Login Prompts.
         Stopping Serial Getty on ttyS0...
         Stopping Getty on tty1...
[[0;32m  OK  [0m] Stopped Apply the settings specified in cloud-config.
[[0;32m  OK  [0m] Stopped Wait until snapd is fully seeded.
[[0;32m  OK  [0m] Stopped target Network is Online.
[[0;32m  OK  [0m] Stopped target Cloud-config availability.
         Stopping Authorization Manager...
[[0;32m  OK  [0m] Stopped Message of the Day.
[[0;32m  OK  [0m] Stopped target System Time Synchronized.
         Stopping System Logging Service...
         Stopping vboxadd-service.service...
[[0;32m  OK  [0m] Unmounted /var/lib/lxcfs.
[[0;32m  OK  [0m] Stopped Dispatcher daemon for systemd-networkd.
[[0;32m  OK  [0m] Stopped System Logging Service.
[[0;32m  OK  [0m] Stopped Regular background program processing daemon.
[[0;32m  OK  [0m] Stopped Accounts Service.
[[0;32m  OK  [0m] Stopped Deferred execution scheduler.
[[0;32m  OK  [0m] Stopped Serial Getty on ttyS0.
[[0;32m  OK  [0m] Stopped Getty on tty1.
[[0;32m  OK  [0m] Stopped Authorization Manager.
[[0;32m  OK  [0m] Stopped OpenBSD Secure Shell server.
[[0;32m  OK  [0m] Stopped User Manager for UID 1000.
[[0;32m  OK  [0m] Unmounted /vagrant.
[[0;32m  OK  [0m] Unmounted /var/www/html.
[[0;32m  OK  [0m] Stopped D-Bus System Message Bus.
[[0;32m  OK  [0m] Stopped FUSE filesystem for LXC.
[[0;32m  OK  [0m] Stopped Session 7 of user vagrant.
[[0;32m  OK  [0m] Removed slice User Slice of vagrant.
         Stopping Login Service...
[[0;32m  OK  [0m] Removed slice system-getty.slice.
[[0;32m  OK  [0m] Removed slice system-serial\x2dgetty.slice.
         Stopping Permit User Sessions...
[[0;32m  OK  [0m] Stopped Login Service.
[[0;32m  OK  [0m] Stopped Availability of block devices.
[[0;32m  OK  [0m] Stopped vboxadd-service.service.
         Stopping vboxadd.service...
[[0;32m  OK  [0m] Stopped LXD - container startup/shutdown.
[[0;32m  OK  [0m] Stopped Permit User Sessions.
[[0;32m  OK  [0m] Stopped target User and Group Name Lookups.
[[0;32m  OK  [0m] Stopped LSB: Record successful boot for GRUB.
[[0;32m  OK  [0m] Stopped LSB: automatic crash report generation.
[[0;32m  OK  [0m] Stopped The Apache HTTP Server.
[[0;32m  OK  [0m] Stopped target Host and Network Name Lookups.
[[0;32m  OK  [0m] Stopped target Network.
         Stopping Network Name Resolution...
[[0;32m  OK  [0m] Stopped target Remote File Systems.
[[0;32m  OK  [0m] Stopped target Remote File Systems (Pre).
[[0;32m  OK  [0m] Stopped Network Name Resolution.
         Stopping Network Service...
[[0;32m  OK  [0m] Stopped Network Service.
[[0;32m  OK  [0m] Stopped target Network (Pre).
[[0;32m  OK  [0m] Stopped vboxadd.service.
[[0;32m  OK  [0m] Stopped target Basic System.
[[0;32m  OK  [0m] Stopped target Sockets.
[[0;32m  OK  [0m] Closed ACPID Listen Socket.
[[0;32m  OK  [0m] Closed Socket activation for snappy daemon.
[[0;32m  OK  [0m] Closed Syslog Socket.
[[0;32m  OK  [0m] Closed Open-iSCSI iscsid Socket.
[[0;32m  OK  [0m] Closed LXD - unix socket.
[[0;32m  OK  [0m] Closed D-Bus System Message Bus Socket.
[[0;32m  OK  [0m] Closed UUID daemon activation socket.
[[0;32m  OK  [0m] Stopped target Paths.
[[0;32m  OK  [0m] Stopped ACPI Events Check.
[[0;32m  OK  [0m] Stopped target Slices.
[[0;32m  OK  [0m] Removed slice User and Session Slice.
[[0;32m  OK  [0m] Stopped target System Initialization.
         Stopping Load/Save Random Seed...
[[0;32m  OK  [0m] Stopped Apply Kernel Variables.
[[0;32m  OK  [0m] Stopped target Local Encrypted Volumes.
[[0;32m  OK  [0m] Stopped Dispatch Password Requests to Console Directory Watch.
[[0;32m  OK  [0m] Stopped Forward Password Requests to Wall Directory Watch.
         Stopping Update UTMP about System Boot/Shutdown...
[[0;32m  OK  [0m] Stopped Load Kernel Modules.
[[0;32m  OK  [0m] Stopped Initial cloud-init job (metadata service crawler).
[[0;32m  OK  [0m] Stopped Commit a transient machine-id on disk.
[[0;32m  OK  [0m] Stopped Initial cloud-init job (pre-networking).
[[0;32m  OK  [0m] Stopped Load/Save Random Seed.
[[0;32m  OK  [0m] Stopped Update UTMP about System Boot/Shutdown.
[[0;32m  OK  [0m] Stopped Create Volatile Files and Directories.
[[0;32m  OK  [0m] Stopped target Local File Systems.
         Unmounting /run/user/1000...
[[0;32m  OK  [0m] Unmounted /run/user/1000.
[[0;32m  OK  [0m] Reached target Unmount All Filesystems.
[[0;32m  OK  [0m] Stopped target Swap.
[[0;32m  OK  [0m] Stopped target Local File Systems (Pre).
         Stopping Monitoring of LVM2 mirrors…ng dmeventd or progress polling...
[[0;32m  OK  [0m] Stopped Remount Root and Kernel File Systems.
[[0;32m  OK  [0m] Stopped Create Static Device Nodes in /dev.
[[0;32m  OK  [0m] Reached target Shutdown.
[[0;32m  OK  [0m] Reached target Final Step.
         Starting Power-Off...
[  388.556234] reboot: Power down
